This is e-pTeX, Version 3.141592653-p3.9.0-210218-2.6 (utf8.sjis) (TeX Live 2021/W32TeX) (preloaded format=platex 2022.1.4)  10 FEB 2022 13:57
entering extended mode
 restricted \write18 enabled.
 %&-line parsing enabled.
**main.tex
(./main.tex
pLaTeX2e <2021-11-15> (based on LaTeX2e <2021-11-15> patch level 1)
L3 programming layer <2021-11-22>
(c:/texlive/2021/texmf-dist/tex/platex/base/jarticle.cls
Document Class: jarticle 2020/09/30 v1.8f Standard pLaTeX class
\c@@paper=\count182
(c:/texlive/2021/texmf-dist/tex/platex/base/jsize10.clo
File: jsize10.clo 2020/09/30 v1.8f Standard pLaTeX file (size option)
)
\c@part=\count183
\c@section=\count184
\c@subsection=\count185
\c@subsubsection=\count186
\c@paragraph=\count187
\c@subparagraph=\count188
\c@figure=\count189
\c@table=\count190
\abovecaptionskip=\skip47
\belowcaptionskip=\skip48
\symmincho=\mathgroup4
LaTeX Font Info:    Overwriting symbol font `mincho' in version `bold'
(Font)                  JY1/mc/m/n --> JY1/gt/m/n on input line 615.
\toclineskip=\dimen154
\@lnumwidth=\dimen155
\bibindent=\dimen156
\heisei=\count191
)
(./00_Settings/Packages.tex (./esys-thesis.sty)
(c:/texlive/2021/texmf-dist/tex/latex/graphics/graphicx.sty
Package: graphicx 2021/09/16 v1.2d Enhanced LaTeX Graphics (DPC,SPQR)

(c:/texlive/2021/texmf-dist/tex/latex/graphics/keyval.sty
Package: keyval 2014/10/28 v1.15 key=value parser (DPC)
\KV@toks@=\toks17
)
(c:/texlive/2021/texmf-dist/tex/latex/graphics/graphics.sty
Package: graphics 2021/03/04 v1.4d Standard LaTeX Graphics (DPC,SPQR)

(c:/texlive/2021/texmf-dist/tex/latex/graphics/trig.sty
Package: trig 2021/08/11 v1.11 sin cos tan (DPC)
)
(c:/texlive/2021/texmf-dist/tex/latex/graphics-cfg/graphics.cfg
File: graphics.cfg 2016/06/04 v1.11 sample graphics configuration
)
Package graphics Info: Driver file: dvipdfmx.def on input line 107.

(c:/texlive/2021/texmf-dist/tex/latex/graphics-def/dvipdfmx.def
File: dvipdfmx.def 2021/03/18 v5.0j Graphics/color driver for dvipdfmx
))
\Gin@req@height=\dimen157
\Gin@req@width=\dimen158
)
(c:/texlive/2021/texmf-dist/tex/latex/geometry/geometry.sty
Package: geometry 2020/01/02 v5.9 Page Geometry

(c:/texlive/2021/texmf-dist/tex/generic/iftex/ifvtex.sty
Package: ifvtex 2019/10/25 v1.7 ifvtex legacy package. Use iftex instead.

(c:/texlive/2021/texmf-dist/tex/generic/iftex/iftex.sty
Package: iftex 2020/03/06 v1.0d TeX engine tests
))
\Gm@cnth=\count192
\Gm@cntv=\count193
\c@Gm@tempcnt=\count194
\Gm@bindingoffset=\dimen159
\Gm@wd@mp=\dimen160
\Gm@odd@mp=\dimen161
\Gm@even@mp=\dimen162
\Gm@layoutwidth=\dimen163
\Gm@layoutheight=\dimen164
\Gm@layouthoffset=\dimen165
\Gm@layoutvoffset=\dimen166
\Gm@dimlist=\toks18
)
(c:/texlive/2021/texmf-dist/tex/latex/base/latexsym.sty
Package: latexsym 1998/08/17 v2.2e Standard LaTeX package (lasy symbols)
\symlasy=\mathgroup5
LaTeX Font Info:    Overwriting symbol font `lasy' in version `bold'
(Font)                  U/lasy/m/n --> U/lasy/b/n on input line 52.
)
(c:/texlive/2021/texmf-dist/tex/latex/amsmath/amsmath.sty
Package: amsmath 2021/10/15 v2.17l AMS math features
\@mathmargin=\skip49

For additional information on amsmath, use the `?' option.
(c:/texlive/2021/texmf-dist/tex/latex/amsmath/amstext.sty
Package: amstext 2021/08/26 v2.01 AMS text

(c:/texlive/2021/texmf-dist/tex/latex/amsmath/amsgen.sty
File: amsgen.sty 1999/11/30 v2.0 generic functions
\@emptytoks=\toks19
\ex@=\dimen167
))
(c:/texlive/2021/texmf-dist/tex/latex/amsmath/amsbsy.sty
Package: amsbsy 1999/11/29 v1.2d Bold Symbols
\pmbraise@=\dimen168
)
(c:/texlive/2021/texmf-dist/tex/latex/amsmath/amsopn.sty
Package: amsopn 2021/08/26 v2.02 operator names
)
\inf@bad=\count195
LaTeX Info: Redefining \frac on input line 234.
\uproot@=\count196
\leftroot@=\count197
LaTeX Info: Redefining \overline on input line 399.
\classnum@=\count198
\DOTSCASE@=\count199
LaTeX Info: Redefining \ldots on input line 496.
LaTeX Info: Redefining \dots on input line 499.
LaTeX Info: Redefining \cdots on input line 620.
\Mathstrutbox@=\box67
\strutbox@=\box68
\big@size=\dimen169
LaTeX Font Info:    Redeclaring font encoding OML on input line 743.
LaTeX Font Info:    Redeclaring font encoding OMS on input line 744.
\macc@depth=\count266
\c@MaxMatrixCols=\count267
\dotsspace@=\muskip16
\c@parentequation=\count268
\dspbrk@lvl=\count269
\tag@help=\toks20
\row@=\count270
\column@=\count271
\maxfields@=\count272
\andhelp@=\toks21
\eqnshift@=\dimen170
\alignsep@=\dimen171
\tagshift@=\dimen172
\tagwidth@=\dimen173
\totwidth@=\dimen174
\lineht@=\dimen175
\@envbody=\toks22
\multlinegap=\skip50
\multlinetaggap=\skip51
\mathdisplay@stack=\toks23
LaTeX Info: Redefining \[ on input line 2938.
LaTeX Info: Redefining \] on input line 2939.
)
(c:/texlive/2021/texmf-dist/tex/latex/amsfonts/amssymb.sty
Package: amssymb 2013/01/14 v3.01 AMS font symbols

(c:/texlive/2021/texmf-dist/tex/latex/amsfonts/amsfonts.sty
Package: amsfonts 2013/01/14 v3.01 Basic AMSFonts support
\symAMSa=\mathgroup6
\symAMSb=\mathgroup7
LaTeX Font Info:    Redeclaring math symbol \hbar on input line 98.
LaTeX Font Info:    Overwriting math alphabet `\mathfrak' in version `bold'
(Font)                  U/euf/m/n --> U/euf/b/n on input line 106.
))
(c:/texlive/2021/texmf-dist/tex/latex/comment/comment.sty
\CommentStream=\write3

Excluding comment 'comment')
(c:/texlive/2021/texmf-dist/tex/latex/caption/caption.sty
Package: caption 2020/10/26 v3.5g Customizing captions (AR)

(c:/texlive/2021/texmf-dist/tex/latex/caption/caption3.sty
Package: caption3 2020/10/21 v2.2e caption3 kernel (AR)
\captionmargin=\dimen176
\captionmargin@=\dimen177
\captionwidth=\dimen178
\caption@tempdima=\dimen179
\caption@indent=\dimen180
\caption@parindent=\dimen181
\caption@hangindent=\dimen182
Package caption Info: Unknown document class (or package),
(caption)             standard defaults will be used.
Package caption Info: \@makecaption = \long macro:#1#2->\vskip \abovecaptionski
p \iftdir \sbox \@tempboxa {#1\hskip 1zw#2}\else \sbox \@tempboxa {#1: #2}\fi \
ifdim \wd \@tempboxa >\hsize \iftdir #1\hskip 1zw#2\relax \par \else #1: #2\rel
ax \par \fi \else \global \@minipagefalse \hb@xt@ \hsize {\hfil \box \@tempboxa
 \hfil }\fi \vskip \belowcaptionskip  on input line 1139.
)

Package caption Warning: Unknown document class (or package),
(caption)                standard defaults will be used.
See the caption package documentation for explanation.

\c@caption@flags=\count273
\c@continuedfloat=\count274
) (c:/texlive/2021/texmf-dist/tex/latex/booktabs/booktabs.sty
Package: booktabs 2020/01/12 v1.61803398 Publication quality tables
\heavyrulewidth=\dimen183
\lightrulewidth=\dimen184
\cmidrulewidth=\dimen185
\belowrulesep=\dimen186
\belowbottomsep=\dimen187
\aboverulesep=\dimen188
\abovetopsep=\dimen189
\cmidrulesep=\dimen190
\cmidrulekern=\dimen191
\defaultaddspace=\dimen192
\@cmidla=\count275
\@cmidlb=\count276
\@aboverulesep=\dimen193
\@belowrulesep=\dimen194
\@thisruleclass=\count277
\@lastruleclass=\count278
\@thisrulewidth=\dimen195
))
(c:/texlive/2021/texmf-dist/tex/latex/url/url.sty
\Urlmuskip=\muskip17
Package: url 2013/09/16  ver 3.4  Verb mode for urls, etc.
) (./00_Settings/macro.tex
\c@thm=\count279
\c@lem=\count280
)
(c:/texlive/2021/texmf-dist/tex/latex/l3backend/l3backend-dvipdfmx.def
File: l3backend-dvipdfmx.def 2021-12-14 L3 backend support: dvipdfmx

(|extractbb --version)
\c__kernel_sys_dvipdfmx_version_int=\count281
\l__color_backend_stack_int=\count282
\g__color_backend_stack_int=\count283
\g__graphics_track_int=\count284
\l__pdf_internal_box=\box69
\g__pdf_backend_object_int=\count285
\g__pdf_backend_annotation_int=\count286
\g__pdf_backend_link_int=\count287
) (./main.aux)
\openout1 = `main.aux'.

LaTeX Font Info:    Checking defaults for OML/cmm/m/it on input line 33.
LaTeX Font Info:    ... okay on input line 33.
LaTeX Font Info:    Checking defaults for OMS/cmsy/m/n on input line 33.
LaTeX Font Info:    ... okay on input line 33.
LaTeX Font Info:    Checking defaults for OT1/cmr/m/n on input line 33.
LaTeX Font Info:    ... okay on input line 33.
LaTeX Font Info:    Checking defaults for T1/cmr/m/n on input line 33.
LaTeX Font Info:    ... okay on input line 33.
LaTeX Font Info:    Checking defaults for TS1/cmr/m/n on input line 33.
LaTeX Font Info:    ... okay on input line 33.
LaTeX Font Info:    Checking defaults for OMX/cmex/m/n on input line 33.
LaTeX Font Info:    ... okay on input line 33.
LaTeX Font Info:    Checking defaults for U/cmr/m/n on input line 33.
LaTeX Font Info:    ... okay on input line 33.
LaTeX Font Info:    Checking defaults for JY1/mc/m/n on input line 33.
LaTeX Font Info:    ... okay on input line 33.
LaTeX Font Info:    Checking defaults for JT1/mc/m/n on input line 33.
LaTeX Font Info:    ... okay on input line 33.

*geometry* detected driver: dvipdfm
*geometry* verbose mode - [ preamble ] result:
* driver: dvipdfm
* paper: <default>
* layout: <same size as paper>
* layoutoffset:(h,v)=(0.0pt,0.0pt)
* modes: twoside 
* h-part:(L,W,R)=(99.58464pt, 441.01773pt, 56.9055pt)
* v-part:(T,H,B)=(99.58464pt, 660.10394pt, 85.35826pt)
* \paperwidth=597.50787pt
* \paperheight=845.04684pt
* \textwidth=441.01773pt
* \textheight=660.10394pt
* \oddsidemargin=27.31465pt
* \evensidemargin=-15.36449pt
* \topmargin=-9.68535pt
* \headheight=12.0pt
* \headsep=25.0pt
* \topskip=7.77588pt
* \footskip=30.0pt
* \marginparwidth=42.0pt
* \marginparsep=10.0pt
* \columnsep=19.24432pt
* \skip\footins=9.0pt plus 4.0pt minus 2.0pt
* \hoffset=0.0pt
* \voffset=0.0pt
* \mag=1000
* \@twocolumntrue
* \@twosidetrue
* \@mparswitchtrue
* \@reversemarginfalse
* (1in=72.27pt=25.4mm, 1cm=28.453pt)

Package caption Info: Begin \AtBeginDocument code.
Package caption Info: End \AtBeginDocument code.
LaTeX Font Info:    Trying to load font information for U+lasy on input line 42
.
(c:/texlive/2021/texmf-dist/tex/latex/base/ulasy.fd
File: ulasy.fd 1998/08/17 v2.2e LaTeX symbol font definitions
)
LaTeX Font Info:    Trying to load font information for U+msa on input line 42.


(c:/texlive/2021/texmf-dist/tex/latex/amsfonts/umsa.fd
File: umsa.fd 2013/01/14 v3.01 AMS symbols A
)
LaTeX Font Info:    Trying to load font information for U+msb on input line 42.


(c:/texlive/2021/texmf-dist/tex/latex/amsfonts/umsb.fd
File: umsb.fd 2013/01/14 v3.01 AMS symbols B
) [1


]
LaTeX Font Info:    Font shape `JT1/mc/bx/n' in size <10> not available
(Font)              Font shape `JT1/gt/m/n' tried instead on input line 54.
LaTeX Font Info:    Font shape `JY1/mc/bx/n' in size <10> not available
(Font)              Font shape `JY1/gt/m/n' tried instead on input line 54.
LaTeX Font Info:    Font shape `JT1/mc/bx/n' in size <14.4> not available
(Font)              Font shape `JT1/gt/m/n' tried instead on input line 57.
LaTeX Font Info:    Font shape `JY1/mc/bx/n' in size <14.4> not available
(Font)              Font shape `JY1/gt/m/n' tried instead on input line 57.

(./01_Introduction/introduction.tex

LaTeX Warning: Citation `FourierSpectol' on page \textrm {201811134 TAKAHASHI-2
} undefined on input line 14.

) (./02_Fourier/Fourier_series.tex [2



]
Underfull \hbox (badness 1661) in paragraph at lines 23--25
\JY1/mc/m/n/10 で定められる 。 また 、 $[]\OT1/cmr/m/n/10 (\OML/cmm/m/it/10 nx\
OT1/cmr/m/n/10 ) = []$,
 []

Excluding 'comment' comment.
LaTeX Font Info:    Font shape `JT1/mc/bx/n' in size <12> not available
(Font)              Font shape `JT1/gt/m/n' tried instead on input line 132.
LaTeX Font Info:    Font shape `JY1/mc/bx/n' in size <12> not available
(Font)              Font shape `JY1/gt/m/n' tried instead on input line 132.

Overfull \hbox (18.00594pt too wide) detected at line 141
[]
 []


Overfull \hbox (9.3706pt too wide) detected at line 173
\OML/cmm/m/it/10 c[] \OT1/cmr/m/n/10 = [] [][] \OML/cmm/m/it/10 g\OT1/cmr/m/n/1
0 (\OML/cmm/m/it/10 x\OT1/cmr/m/n/10 )\OML/cmm/m/it/10 e[]dx \OT1/cmr/m/n/10 = 
[] [][] \OML/cmm/m/it/10 f\OT1/cmr/m/n/10 (\OML/cmm/m/it/10 t\OT1/cmr/m/n/10 )\
OML/cmm/m/it/10 e[]dt
 []

[3]) (./03_Convolution/convolution.tex
LaTeX Font Info:    Kanji font shape `JY1/mc/m/it' undefined
(Font)              No change on input line 16.
LaTeX Font Info:    Kanji font shape `JY1/mc/m/it' undefined
(Font)              No change on input line 25.
 [4]
Overfull \hbox (9.14241pt too wide) detected at line 100
[] \OT1/cmr/m/n/8 = ([]\OML/cmm/m/it/8 ; []; []\OT1/cmr/m/n/8 ) \OMS/cmsy/m/n/8
 2 \U/msb/m/n/8 C[]
 []


Overfull \hbox (9.77892pt too wide) detected at line 111
\OT1/cmr/m/n/10 ([][] [] [][])[] = [] [] []\OML/cmm/m/it/10 ;  j \OT1/cmr/m/n/1
0 = 0\OML/cmm/m/it/10 ; []  ; \OT1/cmr/m/n/10 2\OML/cmm/m/it/10 pM \OMS/cmsy/m/
n/10 ^^@ \OT1/cmr/m/n/10 2
 []

Excluding 'comment' comment. Excluding 'comment' comment.
Excluding 'comment' comment. Excluding 'comment' comment.
Excluding 'comment' comment.) (./04_Theories/Theories.tex
LaTeX Font Info:    Kanji font shape `JY1/mc/m/it' undefined
(Font)              No change on input line 19.
LaTeX Font Info:    Kanji font shape `JY1/mc/m/it' undefined
(Font)              No change on input line 28.
LaTeX Font Info:    Kanji font shape `JY1/mc/m/it' undefined
(Font)              No change on input line 40.
LaTeX Font Info:    Kanji font shape `JY1/mc/m/it' undefined
(Font)              No change on input line 44.
LaTeX Font Info:    Kanji font shape `JY1/mc/m/it' undefined
(Font)              No change on input line 55.

Underfull \hbox (badness 2080) in paragraph at lines 55--56
\JY1/mc/m/n/10 が $\OML/cmm/m/it/10 X$ \JY1/mc/m/n/10 上の縮小写像である必要十
分条件は 、
 []

[5]
LaTeX Font Info:    Kanji font shape `JY1/mc/m/it' undefined
(Font)              No change on input line 58.
LaTeX Font Info:    Kanji font shape `JY1/mc/m/it' undefined
(Font)              No change on input line 64.
LaTeX Font Info:    Kanji font shape `JY1/mc/m/it' undefined
(Font)              No change on input line 87.
LaTeX Font Info:    Kanji font shape `JY1/mc/m/it' undefined
(Font)              No change on input line 102.
LaTeX Font Info:    Kanji font shape `JY1/mc/m/it' undefined
(Font)              No change on input line 111.
LaTeX Font Info:    Kanji font shape `JY1/mc/m/it' undefined
(Font)              No change on input line 120.

Overfull \hbox (4.06638pt too wide) detected at line 128
[]
 []

LaTeX Font Info:    Kanji font shape `JY1/mc/m/it' undefined
(Font)              No change on input line 134.
[6]
LaTeX Font Info:    Kanji font shape `JY1/mc/m/it' undefined
(Font)              No change on input line 175.

Overfull \hbox (4.89732pt too wide) detected at line 188
[]
 []

) (./05_ODE/ODE.tex [7] Excluding 'comment' comment.
Excluding 'comment' comment.
Overfull \hbox (1.45811pt too wide) detected at line 92
\OML/cmm/m/it/10 f[]\OT1/cmr/m/n/10 (\OML/cmm/m/it/10 a\OT1/cmr/m/n/10 ) := \OM
S/cmsy/m/n/10 ^^@\OML/cmm/m/it/10 k[]![]a[] \OMS/cmsy/m/n/10 ^^@ \OML/cmm/m/it/
10 ^^V\OT1/cmr/m/n/10 i\OML/cmm/m/it/10 k!a[] \OT1/cmr/m/n/10 + [](i\OML/cmm/m/
it/10 k!\OT1/cmr/m/n/10 )(\OML/cmm/m/it/10 a \OMS/cmsy/m/n/10 ^^C \OML/cmm/m/it
/10 a \OMS/cmsy/m/n/10 ^^C \OML/cmm/m/it/10 a\OT1/cmr/m/n/10 )[] + \OML/cmm/m/i
t/10 a[]
 []


Overfull \hbox (7.39311pt too wide) detected at line 136
\OT1/cmr/m/n/10 x[] = x[] \OMS/cmsy/m/n/10 ^^@ \OML/cmm/m/it/10 DF[]\OT1/cmr/m/
n/10 (x[])[]\OML/cmm/m/it/10 F[]\OT1/cmr/m/n/10 (x[])\OML/cmm/m/it/10 ;  n \OT1
/cmr/m/n/10 = 0\OML/cmm/m/it/10 ; \OT1/cmr/m/n/10 1\OML/cmm/m/it/10 ; [] 
 []

[8]
Overfull \hbox (22.10313pt too wide) detected at line 154
[]
 []


Overfull \hbox (19.55872pt too wide) detected at line 180
[][] \OT1/cmr/m/n/10 = []
 []

File: 05_ODE/Phase_plot.pdf Graphic file (type pdf)
<05_ODE/Phase_plot.pdf>

Overfull \hbox (42.0627pt too wide) in paragraph at lines 192--193
 [] 
 []


LaTeX Warning: `h' float specifier changed to `ht'.

File: 05_ODE/solution.pdf Graphic file (type pdf)
<05_ODE/solution.pdf>

Overfull \hbox (42.0627pt too wide) in paragraph at lines 200--201
 [][] 
 []


LaTeX Warning: `h' float specifier changed to `ht'.

File: 05_ODE/coeffs.pdf Graphic file (type pdf)
<05_ODE/coeffs.pdf>

Overfull \hbox (42.0627pt too wide) in paragraph at lines 207--208
 [][] 
 []


LaTeX Warning: `h' float specifier changed to `ht'.

[9]) (./06_VerifyPO/VerifyPO.tex
Underfull \hbox (badness 1609) in paragraph at lines 86--89
\JY1/mc/m/n/10 と具体的に書ける 。 またこのとき 、 $\OT1/cmr/m/n/10 (\OML/cmm/m
/it/10 A[]b\OT1/cmr/m/n/10 )[]$ \JY1/mc/m/n/10 と
 []

LaTeX Font Info:    Kanji font shape `JY1/mc/m/it' undefined
(Font)              No change on input line 95.

Overfull \hbox (3.78978pt too wide) detected at line 108
\OML/cmm/m/it/10 A[] \OT1/cmr/m/n/10 = [] \OMS/cmsy/m/n/10 ^^Y \OML/cmm/m/it/10
 DF[]\OT1/cmr/m/n/10 ([])[] \OMS/cmsy/m/n/10 2 \U/msb/m/n/10 C[]
 []

[10

]
LaTeX Font Info:    Kanji font shape `JY1/mc/m/it' undefined
(Font)              No change on input line 199.


LaTeX Font Warning: Command \Large invalid in math mode on input line 260.


LaTeX Font Warning: Command \Large invalid in math mode on input line 263.


Overfull \hbox (13.90201pt too wide) detected at line 266
\OML/cmm/m/it/8 A[] \OT1/cmr/m/n/8 = [] \OML/cmm/m/it/8 ;
 []

[11]
Overfull \hbox (3.45306pt too wide) detected at line 274
\OML/cmm/m/it/10 z[] \OT1/cmr/m/n/10 = [](\OML/cmm/m/it/10 c[]\OT1/cmr/m/n/10 )
[]\OML/cmm/m/it/10 ; \OMS/cmsy/m/n/10 j\OML/cmm/m/it/10 z[]\OMS/cmsy/m/n/10 j ^
^T [] [] j\OT1/cmr/m/n/10 (\OML/cmm/m/it/10 c[]\OT1/cmr/m/n/10 )[]\OMS/cmsy/m/n
/10 j\OML/cmm/m/it/10 w[] \OMS/cmsy/m/n/10 ^^T []\OML/cmm/m/it/10 :
 []


Overfull \hbox (5.18204pt too wide) detected at line 292
\OT1/cmr/m/n/8 (\OML/cmm/m/it/8 z[]\OT1/cmr/m/n/8 )[] = []
 []


Overfull \hbox (14.79887pt too wide) detected at line 302
[]
 []


Overfull \hbox (16.82832pt too wide) detected at line 326
[]
 []


Overfull \hbox (14.11989pt too wide) detected at line 348
[]
 []

[12]
Overfull \hbox (15.1534pt too wide) detected at line 382
[]
 []


Overfull \hbox (2.82141pt too wide) detected at line 391
[]
 []


Overfull \hbox (12.07054pt too wide) detected at line 417
[]
 []


Overfull \hbox (29.36101pt too wide) detected at line 432
[]
 []

[13]
File: ./06_VerifyPO/radii_polynomial.pdf Graphic file (type pdf)
<./06_VerifyPO/radii_polynomial.pdf>
) (./07_Conclusion/Conclusion.tex)
Underfull \hbox (badness 10000) in paragraph at lines 89--90
[]\OT1/cmr/m/n/10 Jean-Philippe Lessard, Ja-son Mire-les
 []


Underfull \hbox (badness 10000) in paragraph at lines 94--95
[]\JY1/mc/m/n/10 井藤佳奈子\OT1/cmr/m/n/10 , \JY1/mc/m/n/10 高安亮紀\OT1/cmr/m/
n/10 , Ju-lia \JY1/mc/m/n/10 で
 []


Underfull \hbox (badness 10000) in paragraph at lines 94--95
\JY1/mc/m/n/10 精度保証付き高速フ ーリエ変換\OT1/cmr/m/n/10 ,
 []


Underfull \hbox (badness 10000) in paragraph at lines 94--95
\OT1/cmtt/m/n/10 https : / / www . risk . tsukuba . ac . jp /
 []


Underfull \hbox (badness 10000) in paragraph at lines 94--95
[]\OT1/cmtt/m/n/10 takitoshi / tutorial / verifyfft . html$\OT1/cmr/m/n/10 ,
 []


Underfull \hbox (badness 10000) in paragraph at lines 97--98
[]\OT1/cmr/m/n/10 DifferentialEquations.jl: Sci-en-tific
 []


Underfull \hbox (badness 10000) in paragraph at lines 97--98
\OT1/cmr/m/n/10 Ma-chine Learn-ing (SciML) En-
 []


Underfull \hbox (badness 10000) in paragraph at lines 97--98
\OT1/cmr/m/n/10 abled Sim-u-la-tion and Es-ti-ma-tion,
 []


Underfull \hbox (badness 10000) in paragraph at lines 97--98
\OT1/cmtt/m/n/10 https : / / diffeq . sciml . ai / stable/$\OT1/cmr/m/n/10 ,
 []

[14]
Underfull \hbox (badness 10000) in paragraph at lines 100--101
[]\JY1/mc/m/n/10 大谷俊輔\OT1/cmr/m/n/10 , \JY1/mc/m/n/10 高安亮紀 ， \OT1/cmr/
m/n/10 Ju-lia \JY1/mc/m/n/10 で非線型
 []


Underfull \hbox (badness 10000) in paragraph at lines 100--101
\JY1/mc/m/n/10 方程式の解の精度保証付き数値計算\OT1/cmr/m/n/10 ,
 []


Underfull \hbox (badness 10000) in paragraph at lines 100--101
\OT1/cmtt/m/n/10 https : / / www . risk . tsukuba . ac . jp /
 []


Underfull \hbox (badness 10000) in paragraph at lines 100--101
[]\OT1/cmtt/m/n/10 takitoshi / tutorial / verifynlss . html$\OT1/cmr/m/n/10 ,
 []

[15

] (./main.aux)

LaTeX Warning: There were undefined references.

 ) 
Here is how much of TeX's memory you used:
 4466 strings out of 478816
 72952 string characters out of 5863668
 418041 words of memory out of 5000000
 22732 multiletter control sequences out of 15000+600000
 423249 words of font info for 110 fonts, out of 8000000 for 9000
 929 hyphenation exceptions out of 8191
 60i,16n,66p,812b,557s stack positions out of 5000i,500n,10000p,200000b,80000s

Output written on main.dvi (15 pages, 92440 bytes).
